The target system is: Generic -  - 
The host system is: Linux - 4.15.0-70-generic - x86_64
Compiling the C compiler identification source file "CMakeCCompilerId.c" succeeded.
Compiler: /home/ap/.espressif/tools/xtensa-esp32-elf/1.22.0-97-gc752ad5-5.2.0/xtensa-esp32-elf/bin/xtensa-esp32-elf-gcc 
Build flags: -mlongcalls
Id flags: -c 

The output was:
0


Compilation of the C compiler identification source "CMakeCCompilerId.c" produced "CMakeCCompilerId.o"

The C compiler identification is GNU, found in "/home/ap/esp/softAP_/build/CMakeFiles/3.10.2/CompilerIdC/CMakeCCompilerId.o"

Compiling the CXX compiler identification source file "CMakeCXXCompilerId.cpp" succeeded.
Compiler: /home/ap/.espressif/tools/xtensa-esp32-elf/1.22.0-97-gc752ad5-5.2.0/xtensa-esp32-elf/bin/xtensa-esp32-elf-g++ 
Build flags: -mlongcalls
Id flags: -c 

The output was:
0


Compilation of the CXX compiler identification source "CMakeCXXCompilerId.cpp" produced "CMakeCXXCompilerId.o"

The CXX compiler identification is GNU, found in "/home/ap/esp/softAP_/build/CMakeFiles/3.10.2/CompilerIdCXX/CMakeCXXCompilerId.o"

Checking whether the ASM compiler is GNU using "--version" matched "(GNU assembler)|(GCC)|(Free Software Foundation)":
xtensa-esp32-elf-gcc (crosstool-NG crosstool-ng-1.22.0-97-gc752ad5) 5.2.0
Copyright (C) 2015 Free Software Foundation, Inc.
This is free software; see the source for copying conditions.  There is NO
warranty; not even for MERCHANTABILITY or FITNESS FOR A PARTICULAR PURPOSE.

Determining if the C compiler works passed with the following output:
Change Dir: /home/ap/esp/softAP_/build/CMakeFiles/CMakeTmp

Run Build Command:"/usr/bin/make" "cmTC_8ce02/fast"
/usr/bin/make -f CMakeFiles/cmTC_8ce02.dir/build.make CMakeFiles/cmTC_8ce02.dir/build
make[1]: Entering directory '/home/ap/esp/softAP_/build/CMakeFiles/CMakeTmp'
Building C object CMakeFiles/cmTC_8ce02.dir/testCCompiler.c.obj
/home/ap/.espressif/tools/xtensa-esp32-elf/1.22.0-97-gc752ad5-5.2.0/xtensa-esp32-elf/bin/xtensa-esp32-elf-gcc   -mlongcalls    -o CMakeFiles/cmTC_8ce02.dir/testCCompiler.c.obj   -c /home/ap/esp/softAP_/build/CMakeFiles/CMakeTmp/testCCompiler.c
Linking C executable cmTC_8ce02
/usr/bin/cmake -E cmake_link_script CMakeFiles/cmTC_8ce02.dir/link.txt --verbose=1
/home/ap/.espressif/tools/xtensa-esp32-elf/1.22.0-97-gc752ad5-5.2.0/xtensa-esp32-elf/bin/xtensa-esp32-elf-gcc -mlongcalls   -nostdlib  CMakeFiles/cmTC_8ce02.dir/testCCompiler.c.obj  -o cmTC_8ce02 
/home/ap/.espressif/tools/xtensa-esp32-elf/1.22.0-97-gc752ad5-5.2.0/xtensa-esp32-elf/bin/../lib/gcc/xtensa-esp32-elf/5.2.0/../../../../xtensa-esp32-elf/bin/ld: warning: cannot find entry symbol _start; defaulting to 0000000000400054
make[1]: Leaving directory '/home/ap/esp/softAP_/build/CMakeFiles/CMakeTmp'


Detecting C compiler ABI info compiled with the following output:
Change Dir: /home/ap/esp/softAP_/build/CMakeFiles/CMakeTmp

Run Build Command:"/usr/bin/make" "cmTC_7fc83/fast"
/usr/bin/make -f CMakeFiles/cmTC_7fc83.dir/build.make CMakeFiles/cmTC_7fc83.dir/build
make[1]: Entering directory '/home/ap/esp/softAP_/build/CMakeFiles/CMakeTmp'
Building C object CMakeFiles/cmTC_7fc83.dir/CMakeCCompilerABI.c.obj
/home/ap/.espressif/tools/xtensa-esp32-elf/1.22.0-97-gc752ad5-5.2.0/xtensa-esp32-elf/bin/xtensa-esp32-elf-gcc   -mlongcalls    -o CMakeFiles/cmTC_7fc83.dir/CMakeCCompilerABI.c.obj   -c /usr/share/cmake-3.10/Modules/CMakeCCompilerABI.c
Linking C executable cmTC_7fc83
/usr/bin/cmake -E cmake_link_script CMakeFiles/cmTC_7fc83.dir/link.txt --verbose=1
/home/ap/.espressif/tools/xtensa-esp32-elf/1.22.0-97-gc752ad5-5.2.0/xtensa-esp32-elf/bin/xtensa-esp32-elf-gcc -mlongcalls   -nostdlib -v CMakeFiles/cmTC_7fc83.dir/CMakeCCompilerABI.c.obj  -o cmTC_7fc83 
Using built-in specs.
COLLECT_GCC=/home/ap/.espressif/tools/xtensa-esp32-elf/1.22.0-97-gc752ad5-5.2.0/xtensa-esp32-elf/bin/xtensa-esp32-elf-gcc
COLLECT_LTO_WRAPPER=/home/ap/.espressif/tools/xtensa-esp32-elf/1.22.0-97-gc752ad5-5.2.0/xtensa-esp32-elf/bin/../libexec/gcc/xtensa-esp32-elf/5.2.0/lto-wrapper
Target: xtensa-esp32-elf
Configured with: /builds/idf/crosstool-NG/.build/src/gcc-5.2.0/configure --build=x86_64-build_pc-linux-gnu --host=x86_64-build_pc-linux-gnu --target=xtensa-esp32-elf --prefix=/builds/idf/crosstool-NG/builds/xtensa-esp32-elf --with-local-prefix=/builds/idf/crosstool-NG/builds/xtensa-esp32-elf/xtensa-esp32-elf/sysroot --with-sysroot=/builds/idf/crosstool-NG/builds/xtensa-esp32-elf/xtensa-esp32-elf/sysroot --with-newlib --enable-threads=no --disable-shared --with-pkgversion='crosstool-NG crosstool-ng-1.22.0-97-gc752ad5' --disable-__cxa_atexit --enable-cxx-flags='-fno-rtti -ffunction-sections' --with-gmp=/builds/idf/crosstool-NG/.build/xtensa-esp32-elf/buildtools --with-mpfr=/builds/idf/crosstool-NG/.build/xtensa-esp32-elf/buildtools --with-mpc=/builds/idf/crosstool-NG/.build/xtensa-esp32-elf/buildtools --with-isl=/builds/idf/crosstool-NG/.build/xtensa-esp32-elf/buildtools --with-cloog=/builds/idf/crosstool-NG/.build/xtensa-esp32-elf/buildtools --with-libelf=/builds/idf/crosstool-NG/.build/xtensa-esp32-elf/buildtools --enable-lto --enable-target-optspace --without-long-double-128 --disable-libgomp --disable-libmudflap --disable-libssp --disable-libquadmath --disable-libquadmath-support --disable-nls --enable-languages=c,c++ --disable-libstdcxx-verbose --enable-threads=posix --enable-gcov-custom-rtio
Thread model: posix
gcc version 5.2.0 (crosstool-NG crosstool-ng-1.22.0-97-gc752ad5) 
COMPILER_PATH=/home/ap/.espressif/tools/xtensa-esp32-elf/1.22.0-97-gc752ad5-5.2.0/xtensa-esp32-elf/bin/../libexec/gcc/xtensa-esp32-elf/5.2.0/:/home/ap/.espressif/tools/xtensa-esp32-elf/1.22.0-97-gc752ad5-5.2.0/xtensa-esp32-elf/bin/../libexec/gcc/:/home/ap/.espressif/tools/xtensa-esp32-elf/1.22.0-97-gc752ad5-5.2.0/xtensa-esp32-elf/bin/../lib/gcc/xtensa-esp32-elf/5.2.0/../../../../xtensa-esp32-elf/bin/
LIBRARY_PATH=/home/ap/.espressif/tools/xtensa-esp32-elf/1.22.0-97-gc752ad5-5.2.0/xtensa-esp32-elf/bin/../lib/gcc/xtensa-esp32-elf/5.2.0/:/home/ap/.espressif/tools/xtensa-esp32-elf/1.22.0-97-gc752ad5-5.2.0/xtensa-esp32-elf/bin/../lib/gcc/:/home/ap/.espressif/tools/xtensa-esp32-elf/1.22.0-97-gc752ad5-5.2.0/xtensa-esp32-elf/bin/../lib/gcc/xtensa-esp32-elf/5.2.0/../../../../xtensa-esp32-elf/lib/:/home/ap/.espressif/tools/xtensa-esp32-elf/1.22.0-97-gc752ad5-5.2.0/xtensa-esp32-elf/bin/../xtensa-esp32-elf/sysroot/lib/:/home/ap/.espressif/tools/xtensa-esp32-elf/1.22.0-97-gc752ad5-5.2.0/xtensa-esp32-elf/bin/../xtensa-esp32-elf/sysroot/usr/lib/
COLLECT_GCC_OPTIONS='-mlongcalls' '-nostdlib' '-v' '-o' 'cmTC_7fc83'
 /home/ap/.espressif/tools/xtensa-esp32-elf/1.22.0-97-gc752ad5-5.2.0/xtensa-esp32-elf/bin/../libexec/gcc/xtensa-esp32-elf/5.2.0/collect2 -plugin /home/ap/.espressif/tools/xtensa-esp32-elf/1.22.0-97-gc752ad5-5.2.0/xtensa-esp32-elf/bin/../libexec/gcc/xtensa-esp32-elf/5.2.0/liblto_plugin.so -plugin-opt=/home/ap/.espressif/tools/xtensa-esp32-elf/1.22.0-97-gc752ad5-5.2.0/xtensa-esp32-elf/bin/../libexec/gcc/xtensa-esp32-elf/5.2.0/lto-wrapper -plugin-opt=-fresolution=/tmp/cco6v2MD.res --sysroot=/home/ap/.espressif/tools/xtensa-esp32-elf/1.22.0-97-gc752ad5-5.2.0/xtensa-esp32-elf/bin/../xtensa-esp32-elf/sysroot -o cmTC_7fc83 -L/home/ap/.espressif/tools/xtensa-esp32-elf/1.22.0-97-gc752ad5-5.2.0/xtensa-esp32-elf/bin/../lib/gcc/xtensa-esp32-elf/5.2.0 -L/home/ap/.espressif/tools/xtensa-esp32-elf/1.22.0-97-gc752ad5-5.2.0/xtensa-esp32-elf/bin/../lib/gcc -L/home/ap/.espressif/tools/xtensa-esp32-elf/1.22.0-97-gc752ad5-5.2.0/xtensa-esp32-elf/bin/../lib/gcc/xtensa-esp32-elf/5.2.0/../../../../xtensa-esp32-elf/lib -L/home/ap/.espressif/tools/xtensa-esp32-elf/1.22.0-97-gc752ad5-5.2.0/xtensa-esp32-elf/bin/../xtensa-esp32-elf/sysroot/lib -L/home/ap/.espressif/tools/xtensa-esp32-elf/1.22.0-97-gc752ad5-5.2.0/xtensa-esp32-elf/bin/../xtensa-esp32-elf/sysroot/usr/lib CMakeFiles/cmTC_7fc83.dir/CMakeCCompilerABI.c.obj
/home/ap/.espressif/tools/xtensa-esp32-elf/1.22.0-97-gc752ad5-5.2.0/xtensa-esp32-elf/bin/../lib/gcc/xtensa-esp32-elf/5.2.0/../../../../xtensa-esp32-elf/bin/ld: warning: cannot find entry symbol _start; defaulting to 0000000000400074
make[1]: Leaving directory '/home/ap/esp/softAP_/build/CMakeFiles/CMakeTmp'


Parsed C implicit link information from above output:
  link line regex: [^( *|.*[/\])(xtensa-esp32-elf-ld|CMAKE_LINK_STARTFILE-NOTFOUND|([^/\]+-)?ld|collect2)[^/\]*( |$)]
  ignore line: [Change Dir: /home/ap/esp/softAP_/build/CMakeFiles/CMakeTmp]
  ignore line: []
  ignore line: [Run Build Command:"/usr/bin/make" "cmTC_7fc83/fast"]
  ignore line: [/usr/bin/make -f CMakeFiles/cmTC_7fc83.dir/build.make CMakeFiles/cmTC_7fc83.dir/build]
  ignore line: [make[1]: Entering directory '/home/ap/esp/softAP_/build/CMakeFiles/CMakeTmp']
  ignore line: [Building C object CMakeFiles/cmTC_7fc83.dir/CMakeCCompilerABI.c.obj]
  ignore line: [/home/ap/.espressif/tools/xtensa-esp32-elf/1.22.0-97-gc752ad5-5.2.0/xtensa-esp32-elf/bin/xtensa-esp32-elf-gcc   -mlongcalls    -o CMakeFiles/cmTC_7fc83.dir/CMakeCCompilerABI.c.obj   -c /usr/share/cmake-3.10/Modules/CMakeCCompilerABI.c]
  ignore line: [Linking C executable cmTC_7fc83]
  ignore line: [/usr/bin/cmake -E cmake_link_script CMakeFiles/cmTC_7fc83.dir/link.txt --verbose=1]
  ignore line: [/home/ap/.espressif/tools/xtensa-esp32-elf/1.22.0-97-gc752ad5-5.2.0/xtensa-esp32-elf/bin/xtensa-esp32-elf-gcc -mlongcalls   -nostdlib -v CMakeFiles/cmTC_7fc83.dir/CMakeCCompilerABI.c.obj  -o cmTC_7fc83 ]
  ignore line: [Using built-in specs.]
  ignore line: [COLLECT_GCC=/home/ap/.espressif/tools/xtensa-esp32-elf/1.22.0-97-gc752ad5-5.2.0/xtensa-esp32-elf/bin/xtensa-esp32-elf-gcc]
  ignore line: [COLLECT_LTO_WRAPPER=/home/ap/.espressif/tools/xtensa-esp32-elf/1.22.0-97-gc752ad5-5.2.0/xtensa-esp32-elf/bin/../libexec/gcc/xtensa-esp32-elf/5.2.0/lto-wrapper]
  ignore line: [Target: xtensa-esp32-elf]
  ignore line: [Configured with: /builds/idf/crosstool-NG/.build/src/gcc-5.2.0/configure --build=x86_64-build_pc-linux-gnu --host=x86_64-build_pc-linux-gnu --target=xtensa-esp32-elf --prefix=/builds/idf/crosstool-NG/builds/xtensa-esp32-elf --with-local-prefix=/builds/idf/crosstool-NG/builds/xtensa-esp32-elf/xtensa-esp32-elf/sysroot --with-sysroot=/builds/idf/crosstool-NG/builds/xtensa-esp32-elf/xtensa-esp32-elf/sysroot --with-newlib --enable-threads=no --disable-shared --with-pkgversion='crosstool-NG crosstool-ng-1.22.0-97-gc752ad5' --disable-__cxa_atexit --enable-cxx-flags='-fno-rtti -ffunction-sections' --with-gmp=/builds/idf/crosstool-NG/.build/xtensa-esp32-elf/buildtools --with-mpfr=/builds/idf/crosstool-NG/.build/xtensa-esp32-elf/buildtools --with-mpc=/builds/idf/crosstool-NG/.build/xtensa-esp32-elf/buildtools --with-isl=/builds/idf/crosstool-NG/.build/xtensa-esp32-elf/buildtools --with-cloog=/builds/idf/crosstool-NG/.build/xtensa-esp32-elf/buildtools --with-libelf=/builds/idf/crosstool-NG/.build/xtensa-esp32-elf/buildtools --enable-lto --enable-target-optspace --without-long-double-128 --disable-libgomp --disable-libmudflap --disable-libssp --disable-libquadmath --disable-libquadmath-support --disable-nls --enable-languages=c,c++ --disable-libstdcxx-verbose --enable-threads=posix --enable-gcov-custom-rtio]
  ignore line: [Thread model: posix]
  ignore line: [gcc version 5.2.0 (crosstool-NG crosstool-ng-1.22.0-97-gc752ad5) ]
  ignore line: [COMPILER_PATH=/home/ap/.espressif/tools/xtensa-esp32-elf/1.22.0-97-gc752ad5-5.2.0/xtensa-esp32-elf/bin/../libexec/gcc/xtensa-esp32-elf/5.2.0/:/home/ap/.espressif/tools/xtensa-esp32-elf/1.22.0-97-gc752ad5-5.2.0/xtensa-esp32-elf/bin/../libexec/gcc/:/home/ap/.espressif/tools/xtensa-esp32-elf/1.22.0-97-gc752ad5-5.2.0/xtensa-esp32-elf/bin/../lib/gcc/xtensa-esp32-elf/5.2.0/../../../../xtensa-esp32-elf/bin/]
  ignore line: [LIBRARY_PATH=/home/ap/.espressif/tools/xtensa-esp32-elf/1.22.0-97-gc752ad5-5.2.0/xtensa-esp32-elf/bin/../lib/gcc/xtensa-esp32-elf/5.2.0/:/home/ap/.espressif/tools/xtensa-esp32-elf/1.22.0-97-gc752ad5-5.2.0/xtensa-esp32-elf/bin/../lib/gcc/:/home/ap/.espressif/tools/xtensa-esp32-elf/1.22.0-97-gc752ad5-5.2.0/xtensa-esp32-elf/bin/../lib/gcc/xtensa-esp32-elf/5.2.0/../../../../xtensa-esp32-elf/lib/:/home/ap/.espressif/tools/xtensa-esp32-elf/1.22.0-97-gc752ad5-5.2.0/xtensa-esp32-elf/bin/../xtensa-esp32-elf/sysroot/lib/:/home/ap/.espressif/tools/xtensa-esp32-elf/1.22.0-97-gc752ad5-5.2.0/xtensa-esp32-elf/bin/../xtensa-esp32-elf/sysroot/usr/lib/]
  ignore line: [COLLECT_GCC_OPTIONS='-mlongcalls' '-nostdlib' '-v' '-o' 'cmTC_7fc83']
  link line: [ /home/ap/.espressif/tools/xtensa-esp32-elf/1.22.0-97-gc752ad5-5.2.0/xtensa-esp32-elf/bin/../libexec/gcc/xtensa-esp32-elf/5.2.0/collect2 -plugin /home/ap/.espressif/tools/xtensa-esp32-elf/1.22.0-97-gc752ad5-5.2.0/xtensa-esp32-elf/bin/../libexec/gcc/xtensa-esp32-elf/5.2.0/liblto_plugin.so -plugin-opt=/home/ap/.espressif/tools/xtensa-esp32-elf/1.22.0-97-gc752ad5-5.2.0/xtensa-esp32-elf/bin/../libexec/gcc/xtensa-esp32-elf/5.2.0/lto-wrapper -plugin-opt=-fresolution=/tmp/cco6v2MD.res --sysroot=/home/ap/.espressif/tools/xtensa-esp32-elf/1.22.0-97-gc752ad5-5.2.0/xtensa-esp32-elf/bin/../xtensa-esp32-elf/sysroot -o cmTC_7fc83 -L/home/ap/.espressif/tools/xtensa-esp32-elf/1.22.0-97-gc752ad5-5.2.0/xtensa-esp32-elf/bin/../lib/gcc/xtensa-esp32-elf/5.2.0 -L/home/ap/.espressif/tools/xtensa-esp32-elf/1.22.0-97-gc752ad5-5.2.0/xtensa-esp32-elf/bin/../lib/gcc -L/home/ap/.espressif/tools/xtensa-esp32-elf/1.22.0-97-gc752ad5-5.2.0/xtensa-esp32-elf/bin/../lib/gcc/xtensa-esp32-elf/5.2.0/../../../../xtensa-esp32-elf/lib -L/home/ap/.espressif/tools/xtensa-esp32-elf/1.22.0-97-gc752ad5-5.2.0/xtensa-esp32-elf/bin/../xtensa-esp32-elf/sysroot/lib -L/home/ap/.espressif/tools/xtensa-esp32-elf/1.22.0-97-gc752ad5-5.2.0/xtensa-esp32-elf/bin/../xtensa-esp32-elf/sysroot/usr/lib CMakeFiles/cmTC_7fc83.dir/CMakeCCompilerABI.c.obj]
    arg [/home/ap/.espressif/tools/xtensa-esp32-elf/1.22.0-97-gc752ad5-5.2.0/xtensa-esp32-elf/bin/../libexec/gcc/xtensa-esp32-elf/5.2.0/collect2] ==> ignore
    arg [-plugin] ==> ignore
    arg [/home/ap/.espressif/tools/xtensa-esp32-elf/1.22.0-97-gc752ad5-5.2.0/xtensa-esp32-elf/bin/../libexec/gcc/xtensa-esp32-elf/5.2.0/liblto_plugin.so] ==> ignore
    arg [-plugin-opt=/home/ap/.espressif/tools/xtensa-esp32-elf/1.22.0-97-gc752ad5-5.2.0/xtensa-esp32-elf/bin/../libexec/gcc/xtensa-esp32-elf/5.2.0/lto-wrapper] ==> ignore
    arg [-plugin-opt=-fresolution=/tmp/cco6v2MD.res] ==> ignore
    arg [--sysroot=/home/ap/.espressif/tools/xtensa-esp32-elf/1.22.0-97-gc752ad5-5.2.0/xtensa-esp32-elf/bin/../xtensa-esp32-elf/sysroot] ==> ignore
    arg [-o] ==> ignore
    arg [cmTC_7fc83] ==> ignore
    arg [-L/home/ap/.espressif/tools/xtensa-esp32-elf/1.22.0-97-gc752ad5-5.2.0/xtensa-esp32-elf/bin/../lib/gcc/xtensa-esp32-elf/5.2.0] ==> dir [/home/ap/.espressif/tools/xtensa-esp32-elf/1.22.0-97-gc752ad5-5.2.0/xtensa-esp32-elf/bin/../lib/gcc/xtensa-esp32-elf/5.2.0]
    arg [-L/home/ap/.espressif/tools/xtensa-esp32-elf/1.22.0-97-gc752ad5-5.2.0/xtensa-esp32-elf/bin/../lib/gcc] ==> dir [/home/ap/.espressif/tools/xtensa-esp32-elf/1.22.0-97-gc752ad5-5.2.0/xtensa-esp32-elf/bin/../lib/gcc]
    arg [-L/home/ap/.espressif/tools/xtensa-esp32-elf/1.22.0-97-gc752ad5-5.2.0/xtensa-esp32-elf/bin/../lib/gcc/xtensa-esp32-elf/5.2.0/../../../../xtensa-esp32-elf/lib] ==> dir [/home/ap/.espressif/tools/xtensa-esp32-elf/1.22.0-97-gc752ad5-5.2.0/xtensa-esp32-elf/bin/../lib/gcc/xtensa-esp32-elf/5.2.0/../../../../xtensa-esp32-elf/lib]
    arg [-L/home/ap/.espressif/tools/xtensa-esp32-elf/1.22.0-97-gc752ad5-5.2.0/xtensa-esp32-elf/bin/../xtensa-esp32-elf/sysroot/lib] ==> dir [/home/ap/.espressif/tools/xtensa-esp32-elf/1.22.0-97-gc752ad5-5.2.0/xtensa-esp32-elf/bin/../xtensa-esp32-elf/sysroot/lib]
    arg [-L/home/ap/.espressif/tools/xtensa-esp32-elf/1.22.0-97-gc752ad5-5.2.0/xtensa-esp32-elf/bin/../xtensa-esp32-elf/sysroot/usr/lib] ==> dir [/home/ap/.espressif/tools/xtensa-esp32-elf/1.22.0-97-gc752ad5-5.2.0/xtensa-esp32-elf/bin/../xtensa-esp32-elf/sysroot/usr/lib]
    arg [CMakeFiles/cmTC_7fc83.dir/CMakeCCompilerABI.c.obj] ==> ignore
  collapse library dir [/home/ap/.espressif/tools/xtensa-esp32-elf/1.22.0-97-gc752ad5-5.2.0/xtensa-esp32-elf/bin/../lib/gcc/xtensa-esp32-elf/5.2.0] ==> [/home/ap/.espressif/tools/xtensa-esp32-elf/1.22.0-97-gc752ad5-5.2.0/xtensa-esp32-elf/lib/gcc/xtensa-esp32-elf/5.2.0]
  collapse library dir [/home/ap/.espressif/tools/xtensa-esp32-elf/1.22.0-97-gc752ad5-5.2.0/xtensa-esp32-elf/bin/../lib/gcc] ==> [/home/ap/.espressif/tools/xtensa-esp32-elf/1.22.0-97-gc752ad5-5.2.0/xtensa-esp32-elf/lib/gcc]
  collapse library dir [/home/ap/.espressif/tools/xtensa-esp32-elf/1.22.0-97-gc752ad5-5.2.0/xtensa-esp32-elf/bin/../lib/gcc/xtensa-esp32-elf/5.2.0/../../../../xtensa-esp32-elf/lib] ==> [/home/ap/.espressif/tools/xtensa-esp32-elf/1.22.0-97-gc752ad5-5.2.0/xtensa-esp32-elf/xtensa-esp32-elf/lib]
  collapse library dir [/home/ap/.espressif/tools/xtensa-esp32-elf/1.22.0-97-gc752ad5-5.2.0/xtensa-esp32-elf/bin/../xtensa-esp32-elf/sysroot/lib] ==> [/home/ap/.espressif/tools/xtensa-esp32-elf/1.22.0-97-gc752ad5-5.2.0/xtensa-esp32-elf/xtensa-esp32-elf/sysroot/lib]
  collapse library dir [/home/ap/.espressif/tools/xtensa-esp32-elf/1.22.0-97-gc752ad5-5.2.0/xtensa-esp32-elf/bin/../xtensa-esp32-elf/sysroot/usr/lib] ==> [/home/ap/.espressif/tools/xtensa-esp32-elf/1.22.0-97-gc752ad5-5.2.0/xtensa-esp32-elf/xtensa-esp32-elf/sysroot/usr/lib]
  implicit libs: []
  implicit dirs: [/home/ap/.espressif/tools/xtensa-esp32-elf/1.22.0-97-gc752ad5-5.2.0/xtensa-esp32-elf/lib/gcc/xtensa-esp32-elf/5.2.0;/home/ap/.espressif/tools/xtensa-esp32-elf/1.22.0-97-gc752ad5-5.2.0/xtensa-esp32-elf/lib/gcc;/home/ap/.espressif/tools/xtensa-esp32-elf/1.22.0-97-gc752ad5-5.2.0/xtensa-esp32-elf/xtensa-esp32-elf/lib;/home/ap/.espressif/tools/xtensa-esp32-elf/1.22.0-97-gc752ad5-5.2.0/xtensa-esp32-elf/xtensa-esp32-elf/sysroot/lib;/home/ap/.espressif/tools/xtensa-esp32-elf/1.22.0-97-gc752ad5-5.2.0/xtensa-esp32-elf/xtensa-esp32-elf/sysroot/usr/lib]
  implicit fwks: []




Detecting C [-std=c11] compiler features compiled with the following output:
Change Dir: /home/ap/esp/softAP_/build/CMakeFiles/CMakeTmp

Run Build Command:"/usr/bin/make" "cmTC_22aee/fast"
/usr/bin/make -f CMakeFiles/cmTC_22aee.dir/build.make CMakeFiles/cmTC_22aee.dir/build
make[1]: Entering directory '/home/ap/esp/softAP_/build/CMakeFiles/CMakeTmp'
Building C object CMakeFiles/cmTC_22aee.dir/feature_tests.c.obj
/home/ap/.espressif/tools/xtensa-esp32-elf/1.22.0-97-gc752ad5-5.2.0/xtensa-esp32-elf/bin/xtensa-esp32-elf-gcc   -mlongcalls    -std=c11 -o CMakeFiles/cmTC_22aee.dir/feature_tests.c.obj   -c /home/ap/esp/softAP_/build/CMakeFiles/feature_tests.c
Linking C executable cmTC_22aee
/usr/bin/cmake -E cmake_link_script CMakeFiles/cmTC_22aee.dir/link.txt --verbose=1
/home/ap/.espressif/tools/xtensa-esp32-elf/1.22.0-97-gc752ad5-5.2.0/xtensa-esp32-elf/bin/xtensa-esp32-elf-gcc -mlongcalls   -nostdlib  CMakeFiles/cmTC_22aee.dir/feature_tests.c.obj  -o cmTC_22aee 
/home/ap/.espressif/tools/xtensa-esp32-elf/1.22.0-97-gc752ad5-5.2.0/xtensa-esp32-elf/bin/../lib/gcc/xtensa-esp32-elf/5.2.0/../../../../xtensa-esp32-elf/bin/ld: warning: cannot find entry symbol _start; defaulting to 0000000000400074
make[1]: Leaving directory '/home/ap/esp/softAP_/build/CMakeFiles/CMakeTmp'


    Feature record: C_FEATURE:1c_function_prototypes
    Feature record: C_FEATURE:1c_restrict
    Feature record: C_FEATURE:1c_static_assert
    Feature record: C_FEATURE:1c_variadic_macros


Detecting C [-std=c99] compiler features compiled with the following output:
Change Dir: /home/ap/esp/softAP_/build/CMakeFiles/CMakeTmp

Run Build Command:"/usr/bin/make" "cmTC_c28af/fast"
/usr/bin/make -f CMakeFiles/cmTC_c28af.dir/build.make CMakeFiles/cmTC_c28af.dir/build
make[1]: Entering directory '/home/ap/esp/softAP_/build/CMakeFiles/CMakeTmp'
Building C object CMakeFiles/cmTC_c28af.dir/feature_tests.c.obj
/home/ap/.espressif/tools/xtensa-esp32-elf/1.22.0-97-gc752ad5-5.2.0/xtensa-esp32-elf/bin/xtensa-esp32-elf-gcc   -mlongcalls    -std=c99 -o CMakeFiles/cmTC_c28af.dir/feature_tests.c.obj   -c /home/ap/esp/softAP_/build/CMakeFiles/feature_tests.c
Linking C executable cmTC_c28af
/usr/bin/cmake -E cmake_link_script CMakeFiles/cmTC_c28af.dir/link.txt --verbose=1
/home/ap/.espressif/tools/xtensa-esp32-elf/1.22.0-97-gc752ad5-5.2.0/xtensa-esp32-elf/bin/xtensa-esp32-elf-gcc -mlongcalls   -nostdlib  CMakeFiles/cmTC_c28af.dir/feature_tests.c.obj  -o cmTC_c28af 
/home/ap/.espressif/tools/xtensa-esp32-elf/1.22.0-97-gc752ad5-5.2.0/xtensa-esp32-elf/bin/../lib/gcc/xtensa-esp32-elf/5.2.0/../../../../xtensa-esp32-elf/bin/ld: warning: cannot find entry symbol _start; defaulting to 0000000000400074
make[1]: Leaving directory '/home/ap/esp/softAP_/build/CMakeFiles/CMakeTmp'


    Feature record: C_FEATURE:1c_function_prototypes
    Feature record: C_FEATURE:1c_restrict
    Feature record: C_FEATURE:0c_static_assert
    Feature record: C_FEATURE:1c_variadic_macros


Detecting C [-std=c90] compiler features compiled with the following output:
Change Dir: /home/ap/esp/softAP_/build/CMakeFiles/CMakeTmp

Run Build Command:"/usr/bin/make" "cmTC_66a49/fast"
/usr/bin/make -f CMakeFiles/cmTC_66a49.dir/build.make CMakeFiles/cmTC_66a49.dir/build
make[1]: Entering directory '/home/ap/esp/softAP_/build/CMakeFiles/CMakeTmp'
Building C object CMakeFiles/cmTC_66a49.dir/feature_tests.c.obj
/home/ap/.espressif/tools/xtensa-esp32-elf/1.22.0-97-gc752ad5-5.2.0/xtensa-esp32-elf/bin/xtensa-esp32-elf-gcc   -mlongcalls    -std=c90 -o CMakeFiles/cmTC_66a49.dir/feature_tests.c.obj   -c /home/ap/esp/softAP_/build/CMakeFiles/feature_tests.c
Linking C executable cmTC_66a49
/usr/bin/cmake -E cmake_link_script CMakeFiles/cmTC_66a49.dir/link.txt --verbose=1
/home/ap/.espressif/tools/xtensa-esp32-elf/1.22.0-97-gc752ad5-5.2.0/xtensa-esp32-elf/bin/xtensa-esp32-elf-gcc -mlongcalls   -nostdlib  CMakeFiles/cmTC_66a49.dir/feature_tests.c.obj  -o cmTC_66a49 
/home/ap/.espressif/tools/xtensa-esp32-elf/1.22.0-97-gc752ad5-5.2.0/xtensa-esp32-elf/bin/../lib/gcc/xtensa-esp32-elf/5.2.0/../../../../xtensa-esp32-elf/bin/ld: warning: cannot find entry symbol _start; defaulting to 0000000000400074
make[1]: Leaving directory '/home/ap/esp/softAP_/build/CMakeFiles/CMakeTmp'


    Feature record: C_FEATURE:1c_function_prototypes
    Feature record: C_FEATURE:0c_restrict
    Feature record: C_FEATURE:0c_static_assert
    Feature record: C_FEATURE:0c_variadic_macros
Determining if the CXX compiler works passed with the following output:
Change Dir: /home/ap/esp/softAP_/build/CMakeFiles/CMakeTmp

Run Build Command:"/usr/bin/make" "cmTC_f624a/fast"
/usr/bin/make -f CMakeFiles/cmTC_f624a.dir/build.make CMakeFiles/cmTC_f624a.dir/build
make[1]: Entering directory '/home/ap/esp/softAP_/build/CMakeFiles/CMakeTmp'
Building CXX object CMakeFiles/cmTC_f624a.dir/testCXXCompiler.cxx.obj
/home/ap/.espressif/tools/xtensa-esp32-elf/1.22.0-97-gc752ad5-5.2.0/xtensa-esp32-elf/bin/xtensa-esp32-elf-g++    -mlongcalls    -o CMakeFiles/cmTC_f624a.dir/testCXXCompiler.cxx.obj -c /home/ap/esp/softAP_/build/CMakeFiles/CMakeTmp/testCXXCompiler.cxx
Linking CXX executable cmTC_f624a
/usr/bin/cmake -E cmake_link_script CMakeFiles/cmTC_f624a.dir/link.txt --verbose=1
/home/ap/.espressif/tools/xtensa-esp32-elf/1.22.0-97-gc752ad5-5.2.0/xtensa-esp32-elf/bin/xtensa-esp32-elf-g++  -mlongcalls   -nostdlib  CMakeFiles/cmTC_f624a.dir/testCXXCompiler.cxx.obj  -o cmTC_f624a 
/home/ap/.espressif/tools/xtensa-esp32-elf/1.22.0-97-gc752ad5-5.2.0/xtensa-esp32-elf/bin/../lib/gcc/xtensa-esp32-elf/5.2.0/../../../../xtensa-esp32-elf/bin/ld: warning: cannot find entry symbol _start; defaulting to 0000000000400054
make[1]: Leaving directory '/home/ap/esp/softAP_/build/CMakeFiles/CMakeTmp'


Detecting CXX compiler ABI info compiled with the following output:
Change Dir: /home/ap/esp/softAP_/build/CMakeFiles/CMakeTmp

Run Build Command:"/usr/bin/make" "cmTC_35921/fast"
/usr/bin/make -f CMakeFiles/cmTC_35921.dir/build.make CMakeFiles/cmTC_35921.dir/build
make[1]: Entering directory '/home/ap/esp/softAP_/build/CMakeFiles/CMakeTmp'
Building CXX object CMakeFiles/cmTC_35921.dir/CMakeCXXCompilerABI.cpp.obj
/home/ap/.espressif/tools/xtensa-esp32-elf/1.22.0-97-gc752ad5-5.2.0/xtensa-esp32-elf/bin/xtensa-esp32-elf-g++    -mlongcalls    -o CMakeFiles/cmTC_35921.dir/CMakeCXXCompilerABI.cpp.obj -c /usr/share/cmake-3.10/Modules/CMakeCXXCompilerABI.cpp
Linking CXX executable cmTC_35921
/usr/bin/cmake -E cmake_link_script CMakeFiles/cmTC_35921.dir/link.txt --verbose=1
/home/ap/.espressif/tools/xtensa-esp32-elf/1.22.0-97-gc752ad5-5.2.0/xtensa-esp32-elf/bin/xtensa-esp32-elf-g++  -mlongcalls   -nostdlib -v CMakeFiles/cmTC_35921.dir/CMakeCXXCompilerABI.cpp.obj  -o cmTC_35921 
Using built-in specs.
COLLECT_GCC=/home/ap/.espressif/tools/xtensa-esp32-elf/1.22.0-97-gc752ad5-5.2.0/xtensa-esp32-elf/bin/xtensa-esp32-elf-g++
COLLECT_LTO_WRAPPER=/home/ap/.espressif/tools/xtensa-esp32-elf/1.22.0-97-gc752ad5-5.2.0/xtensa-esp32-elf/bin/../libexec/gcc/xtensa-esp32-elf/5.2.0/lto-wrapper
Target: xtensa-esp32-elf
Configured with: /builds/idf/crosstool-NG/.build/src/gcc-5.2.0/configure --build=x86_64-build_pc-linux-gnu --host=x86_64-build_pc-linux-gnu --target=xtensa-esp32-elf --prefix=/builds/idf/crosstool-NG/builds/xtensa-esp32-elf --with-local-prefix=/builds/idf/crosstool-NG/builds/xtensa-esp32-elf/xtensa-esp32-elf/sysroot --with-sysroot=/builds/idf/crosstool-NG/builds/xtensa-esp32-elf/xtensa-esp32-elf/sysroot --with-newlib --enable-threads=no --disable-shared --with-pkgversion='crosstool-NG crosstool-ng-1.22.0-97-gc752ad5' --disable-__cxa_atexit --enable-cxx-flags='-fno-rtti -ffunction-sections' --with-gmp=/builds/idf/crosstool-NG/.build/xtensa-esp32-elf/buildtools --with-mpfr=/builds/idf/crosstool-NG/.build/xtensa-esp32-elf/buildtools --with-mpc=/builds/idf/crosstool-NG/.build/xtensa-esp32-elf/buildtools --with-isl=/builds/idf/crosstool-NG/.build/xtensa-esp32-elf/buildtools --with-cloog=/builds/idf/crosstool-NG/.build/xtensa-esp32-elf/buildtools --with-libelf=/builds/idf/crosstool-NG/.build/xtensa-esp32-elf/buildtools --enable-lto --enable-target-optspace --without-long-double-128 --disable-libgomp --disable-libmudflap --disable-libssp --disable-libquadmath --disable-libquadmath-support --disable-nls --enable-languages=c,c++ --disable-libstdcxx-verbose --enable-threads=posix --enable-gcov-custom-rtio
Thread model: posix
gcc version 5.2.0 (crosstool-NG crosstool-ng-1.22.0-97-gc752ad5) 
COMPILER_PATH=/home/ap/.espressif/tools/xtensa-esp32-elf/1.22.0-97-gc752ad5-5.2.0/xtensa-esp32-elf/bin/../libexec/gcc/xtensa-esp32-elf/5.2.0/:/home/ap/.espressif/tools/xtensa-esp32-elf/1.22.0-97-gc752ad5-5.2.0/xtensa-esp32-elf/bin/../libexec/gcc/:/home/ap/.espressif/tools/xtensa-esp32-elf/1.22.0-97-gc752ad5-5.2.0/xtensa-esp32-elf/bin/../lib/gcc/xtensa-esp32-elf/5.2.0/../../../../xtensa-esp32-elf/bin/
LIBRARY_PATH=/home/ap/.espressif/tools/xtensa-esp32-elf/1.22.0-97-gc752ad5-5.2.0/xtensa-esp32-elf/bin/../lib/gcc/xtensa-esp32-elf/5.2.0/:/home/ap/.espressif/tools/xtensa-esp32-elf/1.22.0-97-gc752ad5-5.2.0/xtensa-esp32-elf/bin/../lib/gcc/:/home/ap/.espressif/tools/xtensa-esp32-elf/1.22.0-97-gc752ad5-5.2.0/xtensa-esp32-elf/bin/../lib/gcc/xtensa-esp32-elf/5.2.0/../../../../xtensa-esp32-elf/lib/:/home/ap/.espressif/tools/xtensa-esp32-elf/1.22.0-97-gc752ad5-5.2.0/xtensa-esp32-elf/bin/../xtensa-esp32-elf/sysroot/lib/:/home/ap/.espressif/tools/xtensa-esp32-elf/1.22.0-97-gc752ad5-5.2.0/xtensa-esp32-elf/bin/../xtensa-esp32-elf/sysroot/usr/lib/
COLLECT_GCC_OPTIONS='-mlongcalls' '-nostdlib' '-v' '-o' 'cmTC_35921'
 /home/ap/.espressif/tools/xtensa-esp32-elf/1.22.0-97-gc752ad5-5.2.0/xtensa-esp32-elf/bin/../libexec/gcc/xtensa-esp32-elf/5.2.0/collect2 -plugin /home/ap/.espressif/tools/xtensa-esp32-elf/1.22.0-97-gc752ad5-5.2.0/xtensa-esp32-elf/bin/../libexec/gcc/xtensa-esp32-elf/5.2.0/liblto_plugin.so -plugin-opt=/home/ap/.espressif/tools/xtensa-esp32-elf/1.22.0-97-gc752ad5-5.2.0/xtensa-esp32-elf/bin/../libexec/gcc/xtensa-esp32-elf/5.2.0/lto-wrapper -plugin-opt=-fresolution=/tmp/ccnwErGk.res --sysroot=/home/ap/.espressif/tools/xtensa-esp32-elf/1.22.0-97-gc752ad5-5.2.0/xtensa-esp32-elf/bin/../xtensa-esp32-elf/sysroot -o cmTC_35921 -L/home/ap/.espressif/tools/xtensa-esp32-elf/1.22.0-97-gc752ad5-5.2.0/xtensa-esp32-elf/bin/../lib/gcc/xtensa-esp32-elf/5.2.0 -L/home/ap/.espressif/tools/xtensa-esp32-elf/1.22.0-97-gc752ad5-5.2.0/xtensa-esp32-elf/bin/../lib/gcc -L/home/ap/.espressif/tools/xtensa-esp32-elf/1.22.0-97-gc752ad5-5.2.0/xtensa-esp32-elf/bin/../lib/gcc/xtensa-esp32-elf/5.2.0/../../../../xtensa-esp32-elf/lib -L/home/ap/.espressif/tools/xtensa-esp32-elf/1.22.0-97-gc752ad5-5.2.0/xtensa-esp32-elf/bin/../xtensa-esp32-elf/sysroot/lib -L/home/ap/.espressif/tools/xtensa-esp32-elf/1.22.0-97-gc752ad5-5.2.0/xtensa-esp32-elf/bin/../xtensa-esp32-elf/sysroot/usr/lib CMakeFiles/cmTC_35921.dir/CMakeCXXCompilerABI.cpp.obj
/home/ap/.espressif/tools/xtensa-esp32-elf/1.22.0-97-gc752ad5-5.2.0/xtensa-esp32-elf/bin/../lib/gcc/xtensa-esp32-elf/5.2.0/../../../../xtensa-esp32-elf/bin/ld: warning: cannot find entry symbol _start; defaulting to 0000000000400074
make[1]: Leaving directory '/home/ap/esp/softAP_/build/CMakeFiles/CMakeTmp'


Parsed CXX implicit link information from above output:
  link line regex: [^( *|.*[/\])(xtensa-esp32-elf-ld|CMAKE_LINK_STARTFILE-NOTFOUND|([^/\]+-)?ld|collect2)[^/\]*( |$)]
  ignore line: [Change Dir: /home/ap/esp/softAP_/build/CMakeFiles/CMakeTmp]
  ignore line: []
  ignore line: [Run Build Command:"/usr/bin/make" "cmTC_35921/fast"]
  ignore line: [/usr/bin/make -f CMakeFiles/cmTC_35921.dir/build.make CMakeFiles/cmTC_35921.dir/build]
  ignore line: [make[1]: Entering directory '/home/ap/esp/softAP_/build/CMakeFiles/CMakeTmp']
  ignore line: [Building CXX object CMakeFiles/cmTC_35921.dir/CMakeCXXCompilerABI.cpp.obj]
  ignore line: [/home/ap/.espressif/tools/xtensa-esp32-elf/1.22.0-97-gc752ad5-5.2.0/xtensa-esp32-elf/bin/xtensa-esp32-elf-g++    -mlongcalls    -o CMakeFiles/cmTC_35921.dir/CMakeCXXCompilerABI.cpp.obj -c /usr/share/cmake-3.10/Modules/CMakeCXXCompilerABI.cpp]
  ignore line: [Linking CXX executable cmTC_35921]
  ignore line: [/usr/bin/cmake -E cmake_link_script CMakeFiles/cmTC_35921.dir/link.txt --verbose=1]
  ignore line: [/home/ap/.espressif/tools/xtensa-esp32-elf/1.22.0-97-gc752ad5-5.2.0/xtensa-esp32-elf/bin/xtensa-esp32-elf-g++  -mlongcalls   -nostdlib -v CMakeFiles/cmTC_35921.dir/CMakeCXXCompilerABI.cpp.obj  -o cmTC_35921 ]
  ignore line: [Using built-in specs.]
  ignore line: [COLLECT_GCC=/home/ap/.espressif/tools/xtensa-esp32-elf/1.22.0-97-gc752ad5-5.2.0/xtensa-esp32-elf/bin/xtensa-esp32-elf-g++]
  ignore line: [COLLECT_LTO_WRAPPER=/home/ap/.espressif/tools/xtensa-esp32-elf/1.22.0-97-gc752ad5-5.2.0/xtensa-esp32-elf/bin/../libexec/gcc/xtensa-esp32-elf/5.2.0/lto-wrapper]
  ignore line: [Target: xtensa-esp32-elf]
  ignore line: [Configured with: /builds/idf/crosstool-NG/.build/src/gcc-5.2.0/configure --build=x86_64-build_pc-linux-gnu --host=x86_64-build_pc-linux-gnu --target=xtensa-esp32-elf --prefix=/builds/idf/crosstool-NG/builds/xtensa-esp32-elf --with-local-prefix=/builds/idf/crosstool-NG/builds/xtensa-esp32-elf/xtensa-esp32-elf/sysroot --with-sysroot=/builds/idf/crosstool-NG/builds/xtensa-esp32-elf/xtensa-esp32-elf/sysroot --with-newlib --enable-threads=no --disable-shared --with-pkgversion='crosstool-NG crosstool-ng-1.22.0-97-gc752ad5' --disable-__cxa_atexit --enable-cxx-flags='-fno-rtti -ffunction-sections' --with-gmp=/builds/idf/crosstool-NG/.build/xtensa-esp32-elf/buildtools --with-mpfr=/builds/idf/crosstool-NG/.build/xtensa-esp32-elf/buildtools --with-mpc=/builds/idf/crosstool-NG/.build/xtensa-esp32-elf/buildtools --with-isl=/builds/idf/crosstool-NG/.build/xtensa-esp32-elf/buildtools --with-cloog=/builds/idf/crosstool-NG/.build/xtensa-esp32-elf/buildtools --with-libelf=/builds/idf/crosstool-NG/.build/xtensa-esp32-elf/buildtools --enable-lto --enable-target-optspace --without-long-double-128 --disable-libgomp --disable-libmudflap --disable-libssp --disable-libquadmath --disable-libquadmath-support --disable-nls --enable-languages=c,c++ --disable-libstdcxx-verbose --enable-threads=posix --enable-gcov-custom-rtio]
  ignore line: [Thread model: posix]
  ignore line: [gcc version 5.2.0 (crosstool-NG crosstool-ng-1.22.0-97-gc752ad5) ]
  ignore line: [COMPILER_PATH=/home/ap/.espressif/tools/xtensa-esp32-elf/1.22.0-97-gc752ad5-5.2.0/xtensa-esp32-elf/bin/../libexec/gcc/xtensa-esp32-elf/5.2.0/:/home/ap/.espressif/tools/xtensa-esp32-elf/1.22.0-97-gc752ad5-5.2.0/xtensa-esp32-elf/bin/../libexec/gcc/:/home/ap/.espressif/tools/xtensa-esp32-elf/1.22.0-97-gc752ad5-5.2.0/xtensa-esp32-elf/bin/../lib/gcc/xtensa-esp32-elf/5.2.0/../../../../xtensa-esp32-elf/bin/]
  ignore line: [LIBRARY_PATH=/home/ap/.espressif/tools/xtensa-esp32-elf/1.22.0-97-gc752ad5-5.2.0/xtensa-esp32-elf/bin/../lib/gcc/xtensa-esp32-elf/5.2.0/:/home/ap/.espressif/tools/xtensa-esp32-elf/1.22.0-97-gc752ad5-5.2.0/xtensa-esp32-elf/bin/../lib/gcc/:/home/ap/.espressif/tools/xtensa-esp32-elf/1.22.0-97-gc752ad5-5.2.0/xtensa-esp32-elf/bin/../lib/gcc/xtensa-esp32-elf/5.2.0/../../../../xtensa-esp32-elf/lib/:/home/ap/.espressif/tools/xtensa-esp32-elf/1.22.0-97-gc752ad5-5.2.0/xtensa-esp32-elf/bin/../xtensa-esp32-elf/sysroot/lib/:/home/ap/.espressif/tools/xtensa-esp32-elf/1.22.0-97-gc752ad5-5.2.0/xtensa-esp32-elf/bin/../xtensa-esp32-elf/sysroot/usr/lib/]
  ignore line: [COLLECT_GCC_OPTIONS='-mlongcalls' '-nostdlib' '-v' '-o' 'cmTC_35921']
  link line: [ /home/ap/.espressif/tools/xtensa-esp32-elf/1.22.0-97-gc752ad5-5.2.0/xtensa-esp32-elf/bin/../libexec/gcc/xtensa-esp32-elf/5.2.0/collect2 -plugin /home/ap/.espressif/tools/xtensa-esp32-elf/1.22.0-97-gc752ad5-5.2.0/xtensa-esp32-elf/bin/../libexec/gcc/xtensa-esp32-elf/5.2.0/liblto_plugin.so -plugin-opt=/home/ap/.espressif/tools/xtensa-esp32-elf/1.22.0-97-gc752ad5-5.2.0/xtensa-esp32-elf/bin/../libexec/gcc/xtensa-esp32-elf/5.2.0/lto-wrapper -plugin-opt=-fresolution=/tmp/ccnwErGk.res --sysroot=/home/ap/.espressif/tools/xtensa-esp32-elf/1.22.0-97-gc752ad5-5.2.0/xtensa-esp32-elf/bin/../xtensa-esp32-elf/sysroot -o cmTC_35921 -L/home/ap/.espressif/tools/xtensa-esp32-elf/1.22.0-97-gc752ad5-5.2.0/xtensa-esp32-elf/bin/../lib/gcc/xtensa-esp32-elf/5.2.0 -L/home/ap/.espressif/tools/xtensa-esp32-elf/1.22.0-97-gc752ad5-5.2.0/xtensa-esp32-elf/bin/../lib/gcc -L/home/ap/.espressif/tools/xtensa-esp32-elf/1.22.0-97-gc752ad5-5.2.0/xtensa-esp32-elf/bin/../lib/gcc/xtensa-esp32-elf/5.2.0/../../../../xtensa-esp32-elf/lib -L/home/ap/.espressif/tools/xtensa-esp32-elf/1.22.0-97-gc752ad5-5.2.0/xtensa-esp32-elf/bin/../xtensa-esp32-elf/sysroot/lib -L/home/ap/.espressif/tools/xtensa-esp32-elf/1.22.0-97-gc752ad5-5.2.0/xtensa-esp32-elf/bin/../xtensa-esp32-elf/sysroot/usr/lib CMakeFiles/cmTC_35921.dir/CMakeCXXCompilerABI.cpp.obj]
    arg [/home/ap/.espressif/tools/xtensa-esp32-elf/1.22.0-97-gc752ad5-5.2.0/xtensa-esp32-elf/bin/../libexec/gcc/xtensa-esp32-elf/5.2.0/collect2] ==> ignore
    arg [-plugin] ==> ignore
    arg [/home/ap/.espressif/tools/xtensa-esp32-elf/1.22.0-97-gc752ad5-5.2.0/xtensa-esp32-elf/bin/../libexec/gcc/xtensa-esp32-elf/5.2.0/liblto_plugin.so] ==> ignore
    arg [-plugin-opt=/home/ap/.espressif/tools/xtensa-esp32-elf/1.22.0-97-gc752ad5-5.2.0/xtensa-esp32-elf/bin/../libexec/gcc/xtensa-esp32-elf/5.2.0/lto-wrapper] ==> ignore
    arg [-plugin-opt=-fresolution=/tmp/ccnwErGk.res] ==> ignore
    arg [--sysroot=/home/ap/.espressif/tools/xtensa-esp32-elf/1.22.0-97-gc752ad5-5.2.0/xtensa-esp32-elf/bin/../xtensa-esp32-elf/sysroot] ==> ignore
    arg [-o] ==> ignore
    arg [cmTC_35921] ==> ignore
    arg [-L/home/ap/.espressif/tools/xtensa-esp32-elf/1.22.0-97-gc752ad5-5.2.0/xtensa-esp32-elf/bin/../lib/gcc/xtensa-esp32-elf/5.2.0] ==> dir [/home/ap/.espressif/tools/xtensa-esp32-elf/1.22.0-97-gc752ad5-5.2.0/xtensa-esp32-elf/bin/../lib/gcc/xtensa-esp32-elf/5.2.0]
    arg [-L/home/ap/.espressif/tools/xtensa-esp32-elf/1.22.0-97-gc752ad5-5.2.0/xtensa-esp32-elf/bin/../lib/gcc] ==> dir [/home/ap/.espressif/tools/xtensa-esp32-elf/1.22.0-97-gc752ad5-5.2.0/xtensa-esp32-elf/bin/../lib/gcc]
    arg [-L/home/ap/.espressif/tools/xtensa-esp32-elf/1.22.0-97-gc752ad5-5.2.0/xtensa-esp32-elf/bin/../lib/gcc/xtensa-esp32-elf/5.2.0/../../../../xtensa-esp32-elf/lib] ==> dir [/home/ap/.espressif/tools/xtensa-esp32-elf/1.22.0-97-gc752ad5-5.2.0/xtensa-esp32-elf/bin/../lib/gcc/xtensa-esp32-elf/5.2.0/../../../../xtensa-esp32-elf/lib]
    arg [-L/home/ap/.espressif/tools/xtensa-esp32-elf/1.22.0-97-gc752ad5-5.2.0/xtensa-esp32-elf/bin/../xtensa-esp32-elf/sysroot/lib] ==> dir [/home/ap/.espressif/tools/xtensa-esp32-elf/1.22.0-97-gc752ad5-5.2.0/xtensa-esp32-elf/bin/../xtensa-esp32-elf/sysroot/lib]
    arg [-L/home/ap/.espressif/tools/xtensa-esp32-elf/1.22.0-97-gc752ad5-5.2.0/xtensa-esp32-elf/bin/../xtensa-esp32-elf/sysroot/usr/lib] ==> dir [/home/ap/.espressif/tools/xtensa-esp32-elf/1.22.0-97-gc752ad5-5.2.0/xtensa-esp32-elf/bin/../xtensa-esp32-elf/sysroot/usr/lib]
    arg [CMakeFiles/cmTC_35921.dir/CMakeCXXCompilerABI.cpp.obj] ==> ignore
  collapse library dir [/home/ap/.espressif/tools/xtensa-esp32-elf/1.22.0-97-gc752ad5-5.2.0/xtensa-esp32-elf/bin/../lib/gcc/xtensa-esp32-elf/5.2.0] ==> [/home/ap/.espressif/tools/xtensa-esp32-elf/1.22.0-97-gc752ad5-5.2.0/xtensa-esp32-elf/lib/gcc/xtensa-esp32-elf/5.2.0]
  collapse library dir [/home/ap/.espressif/tools/xtensa-esp32-elf/1.22.0-97-gc752ad5-5.2.0/xtensa-esp32-elf/bin/../lib/gcc] ==> [/home/ap/.espressif/tools/xtensa-esp32-elf/1.22.0-97-gc752ad5-5.2.0/xtensa-esp32-elf/lib/gcc]
  collapse library dir [/home/ap/.espressif/tools/xtensa-esp32-elf/1.22.0-97-gc752ad5-5.2.0/xtensa-esp32-elf/bin/../lib/gcc/xtensa-esp32-elf/5.2.0/../../../../xtensa-esp32-elf/lib] ==> [/home/ap/.espressif/tools/xtensa-esp32-elf/1.22.0-97-gc752ad5-5.2.0/xtensa-esp32-elf/xtensa-esp32-elf/lib]
  collapse library dir [/home/ap/.espressif/tools/xtensa-esp32-elf/1.22.0-97-gc752ad5-5.2.0/xtensa-esp32-elf/bin/../xtensa-esp32-elf/sysroot/lib] ==> [/home/ap/.espressif/tools/xtensa-esp32-elf/1.22.0-97-gc752ad5-5.2.0/xtensa-esp32-elf/xtensa-esp32-elf/sysroot/lib]
  collapse library dir [/home/ap/.espressif/tools/xtensa-esp32-elf/1.22.0-97-gc752ad5-5.2.0/xtensa-esp32-elf/bin/../xtensa-esp32-elf/sysroot/usr/lib] ==> [/home/ap/.espressif/tools/xtensa-esp32-elf/1.22.0-97-gc752ad5-5.2.0/xtensa-esp32-elf/xtensa-esp32-elf/sysroot/usr/lib]
  implicit libs: []
  implicit dirs: [/home/ap/.espressif/tools/xtensa-esp32-elf/1.22.0-97-gc752ad5-5.2.0/xtensa-esp32-elf/lib/gcc/xtensa-esp32-elf/5.2.0;/home/ap/.espressif/tools/xtensa-esp32-elf/1.22.0-97-gc752ad5-5.2.0/xtensa-esp32-elf/lib/gcc;/home/ap/.espressif/tools/xtensa-esp32-elf/1.22.0-97-gc752ad5-5.2.0/xtensa-esp32-elf/xtensa-esp32-elf/lib;/home/ap/.espressif/tools/xtensa-esp32-elf/1.22.0-97-gc752ad5-5.2.0/xtensa-esp32-elf/xtensa-esp32-elf/sysroot/lib;/home/ap/.espressif/tools/xtensa-esp32-elf/1.22.0-97-gc752ad5-5.2.0/xtensa-esp32-elf/xtensa-esp32-elf/sysroot/usr/lib]
  implicit fwks: []




Detecting CXX [-std=c++1z] compiler features compiled with the following output:
Change Dir: /home/ap/esp/softAP_/build/CMakeFiles/CMakeTmp

Run Build Command:"/usr/bin/make" "cmTC_31423/fast"
/usr/bin/make -f CMakeFiles/cmTC_31423.dir/build.make CMakeFiles/cmTC_31423.dir/build
make[1]: Entering directory '/home/ap/esp/softAP_/build/CMakeFiles/CMakeTmp'
Building CXX object CMakeFiles/cmTC_31423.dir/feature_tests.cxx.obj
/home/ap/.espressif/tools/xtensa-esp32-elf/1.22.0-97-gc752ad5-5.2.0/xtensa-esp32-elf/bin/xtensa-esp32-elf-g++    -mlongcalls    -std=c++1z -o CMakeFiles/cmTC_31423.dir/feature_tests.cxx.obj -c /home/ap/esp/softAP_/build/CMakeFiles/feature_tests.cxx
Linking CXX executable cmTC_31423
/usr/bin/cmake -E cmake_link_script CMakeFiles/cmTC_31423.dir/link.txt --verbose=1
/home/ap/.espressif/tools/xtensa-esp32-elf/1.22.0-97-gc752ad5-5.2.0/xtensa-esp32-elf/bin/xtensa-esp32-elf-g++  -mlongcalls   -nostdlib  CMakeFiles/cmTC_31423.dir/feature_tests.cxx.obj  -o cmTC_31423 
/home/ap/.espressif/tools/xtensa-esp32-elf/1.22.0-97-gc752ad5-5.2.0/xtensa-esp32-elf/bin/../lib/gcc/xtensa-esp32-elf/5.2.0/../../../../xtensa-esp32-elf/bin/ld: warning: cannot find entry symbol _start; defaulting to 0000000000400074
make[1]: Leaving directory '/home/ap/esp/softAP_/build/CMakeFiles/CMakeTmp'


    Feature record: CXX_FEATURE:1cxx_aggregate_default_initializers
    Feature record: CXX_FEATURE:1cxx_alias_templates
    Feature record: CXX_FEATURE:1cxx_alignas
    Feature record: CXX_FEATURE:1cxx_alignof
    Feature record: CXX_FEATURE:1cxx_attributes
    Feature record: CXX_FEATURE:1cxx_attribute_deprecated
    Feature record: CXX_FEATURE:1cxx_auto_type
    Feature record: CXX_FEATURE:1cxx_binary_literals
    Feature record: CXX_FEATURE:1cxx_constexpr
    Feature record: CXX_FEATURE:1cxx_contextual_conversions
    Feature record: CXX_FEATURE:1cxx_decltype
    Feature record: CXX_FEATURE:1cxx_decltype_auto
    Feature record: CXX_FEATURE:1cxx_decltype_incomplete_return_types
    Feature record: CXX_FEATURE:1cxx_default_function_template_args
    Feature record: CXX_FEATURE:1cxx_defaulted_functions
    Feature record: CXX_FEATURE:1cxx_defaulted_move_initializers
    Feature record: CXX_FEATURE:1cxx_delegating_constructors
    Feature record: CXX_FEATURE:1cxx_deleted_functions
    Feature record: CXX_FEATURE:1cxx_digit_separators
    Feature record: CXX_FEATURE:1cxx_enum_forward_declarations
    Feature record: CXX_FEATURE:1cxx_explicit_conversions
    Feature record: CXX_FEATURE:1cxx_extended_friend_declarations
    Feature record: CXX_FEATURE:1cxx_extern_templates
    Feature record: CXX_FEATURE:1cxx_final
    Feature record: CXX_FEATURE:1cxx_func_identifier
    Feature record: CXX_FEATURE:1cxx_generalized_initializers
    Feature record: CXX_FEATURE:1cxx_generic_lambdas
    Feature record: CXX_FEATURE:1cxx_inheriting_constructors
    Feature record: CXX_FEATURE:1cxx_inline_namespaces
    Feature record: CXX_FEATURE:1cxx_lambdas
    Feature record: CXX_FEATURE:1cxx_lambda_init_captures
    Feature record: CXX_FEATURE:1cxx_local_type_template_args
    Feature record: CXX_FEATURE:1cxx_long_long_type
    Feature record: CXX_FEATURE:1cxx_noexcept
    Feature record: CXX_FEATURE:1cxx_nonstatic_member_init
    Feature record: CXX_FEATURE:1cxx_nullptr
    Feature record: CXX_FEATURE:1cxx_override
    Feature record: CXX_FEATURE:1cxx_range_for
    Feature record: CXX_FEATURE:1cxx_raw_string_literals
    Feature record: CXX_FEATURE:1cxx_reference_qualified_functions
    Feature record: CXX_FEATURE:1cxx_relaxed_constexpr
    Feature record: CXX_FEATURE:1cxx_return_type_deduction
    Feature record: CXX_FEATURE:1cxx_right_angle_brackets
    Feature record: CXX_FEATURE:1cxx_rvalue_references
    Feature record: CXX_FEATURE:1cxx_sizeof_member
    Feature record: CXX_FEATURE:1cxx_static_assert
    Feature record: CXX_FEATURE:1cxx_strong_enums
    Feature record: CXX_FEATURE:1cxx_template_template_parameters
    Feature record: CXX_FEATURE:1cxx_thread_local
    Feature record: CXX_FEATURE:1cxx_trailing_return_types
    Feature record: CXX_FEATURE:1cxx_unicode_literals
    Feature record: CXX_FEATURE:1cxx_uniform_initialization
    Feature record: CXX_FEATURE:1cxx_unrestricted_unions
    Feature record: CXX_FEATURE:1cxx_user_literals
    Feature record: CXX_FEATURE:1cxx_variable_templates
    Feature record: CXX_FEATURE:1cxx_variadic_macros
    Feature record: CXX_FEATURE:1cxx_variadic_templates


Detecting CXX [-std=c++14] compiler features compiled with the following output:
Change Dir: /home/ap/esp/softAP_/build/CMakeFiles/CMakeTmp

Run Build Command:"/usr/bin/make" "cmTC_2e25a/fast"
/usr/bin/make -f CMakeFiles/cmTC_2e25a.dir/build.make CMakeFiles/cmTC_2e25a.dir/build
make[1]: Entering directory '/home/ap/esp/softAP_/build/CMakeFiles/CMakeTmp'
Building CXX object CMakeFiles/cmTC_2e25a.dir/feature_tests.cxx.obj
/home/ap/.espressif/tools/xtensa-esp32-elf/1.22.0-97-gc752ad5-5.2.0/xtensa-esp32-elf/bin/xtensa-esp32-elf-g++    -mlongcalls    -std=c++14 -o CMakeFiles/cmTC_2e25a.dir/feature_tests.cxx.obj -c /home/ap/esp/softAP_/build/CMakeFiles/feature_tests.cxx
Linking CXX executable cmTC_2e25a
/usr/bin/cmake -E cmake_link_script CMakeFiles/cmTC_2e25a.dir/link.txt --verbose=1
/home/ap/.espressif/tools/xtensa-esp32-elf/1.22.0-97-gc752ad5-5.2.0/xtensa-esp32-elf/bin/xtensa-esp32-elf-g++  -mlongcalls   -nostdlib  CMakeFiles/cmTC_2e25a.dir/feature_tests.cxx.obj  -o cmTC_2e25a 
/home/ap/.espressif/tools/xtensa-esp32-elf/1.22.0-97-gc752ad5-5.2.0/xtensa-esp32-elf/bin/../lib/gcc/xtensa-esp32-elf/5.2.0/../../../../xtensa-esp32-elf/bin/ld: warning: cannot find entry symbol _start; defaulting to 0000000000400074
make[1]: Leaving directory '/home/ap/esp/softAP_/build/CMakeFiles/CMakeTmp'


    Feature record: CXX_FEATURE:1cxx_aggregate_default_initializers
    Feature record: CXX_FEATURE:1cxx_alias_templates
    Feature record: CXX_FEATURE:1cxx_alignas
    Feature record: CXX_FEATURE:1cxx_alignof
    Feature record: CXX_FEATURE:1cxx_attributes
    Feature record: CXX_FEATURE:1cxx_attribute_deprecated
    Feature record: CXX_FEATURE:1cxx_auto_type
    Feature record: CXX_FEATURE:1cxx_binary_literals
    Feature record: CXX_FEATURE:1cxx_constexpr
    Feature record: CXX_FEATURE:1cxx_contextual_conversions
    Feature record: CXX_FEATURE:1cxx_decltype
    Feature record: CXX_FEATURE:1cxx_decltype_auto
    Feature record: CXX_FEATURE:1cxx_decltype_incomplete_return_types
    Feature record: CXX_FEATURE:1cxx_default_function_template_args
    Feature record: CXX_FEATURE:1cxx_defaulted_functions
    Feature record: CXX_FEATURE:1cxx_defaulted_move_initializers
    Feature record: CXX_FEATURE:1cxx_delegating_constructors
    Feature record: CXX_FEATURE:1cxx_deleted_functions
    Feature record: CXX_FEATURE:1cxx_digit_separators
    Feature record: CXX_FEATURE:1cxx_enum_forward_declarations
    Feature record: CXX_FEATURE:1cxx_explicit_conversions
    Feature record: CXX_FEATURE:1cxx_extended_friend_declarations
    Feature record: CXX_FEATURE:1cxx_extern_templates
    Feature record: CXX_FEATURE:1cxx_final
    Feature record: CXX_FEATURE:1cxx_func_identifier
    Feature record: CXX_FEATURE:1cxx_generalized_initializers
    Feature record: CXX_FEATURE:1cxx_generic_lambdas
    Feature record: CXX_FEATURE:1cxx_inheriting_constructors
    Feature record: CXX_FEATURE:1cxx_inline_namespaces
    Feature record: CXX_FEATURE:1cxx_lambdas
    Feature record: CXX_FEATURE:1cxx_lambda_init_captures
    Feature record: CXX_FEATURE:1cxx_local_type_template_args
    Feature record: CXX_FEATURE:1cxx_long_long_type
    Feature record: CXX_FEATURE:1cxx_noexcept
    Feature record: CXX_FEATURE:1cxx_nonstatic_member_init
    Feature record: CXX_FEATURE:1cxx_nullptr
    Feature record: CXX_FEATURE:1cxx_override
    Feature record: CXX_FEATURE:1cxx_range_for
    Feature record: CXX_FEATURE:1cxx_raw_string_literals
    Feature record: CXX_FEATURE:1cxx_reference_qualified_functions
    Feature record: CXX_FEATURE:1cxx_relaxed_constexpr
    Feature record: CXX_FEATURE:1cxx_return_type_deduction
    Feature record: CXX_FEATURE:1cxx_right_angle_brackets
    Feature record: CXX_FEATURE:1cxx_rvalue_references
    Feature record: CXX_FEATURE:1cxx_sizeof_member
    Feature record: CXX_FEATURE:1cxx_static_assert
    Feature record: CXX_FEATURE:1cxx_strong_enums
    Feature record: CXX_FEATURE:1cxx_template_template_parameters
    Feature record: CXX_FEATURE:1cxx_thread_local
    Feature record: CXX_FEATURE:1cxx_trailing_return_types
    Feature record: CXX_FEATURE:1cxx_unicode_literals
    Feature record: CXX_FEATURE:1cxx_uniform_initialization
    Feature record: CXX_FEATURE:1cxx_unrestricted_unions
    Feature record: CXX_FEATURE:1cxx_user_literals
    Feature record: CXX_FEATURE:1cxx_variable_templates
    Feature record: CXX_FEATURE:1cxx_variadic_macros
    Feature record: CXX_FEATURE:1cxx_variadic_templates


Detecting CXX [-std=c++11] compiler features compiled with the following output:
Change Dir: /home/ap/esp/softAP_/build/CMakeFiles/CMakeTmp

Run Build Command:"/usr/bin/make" "cmTC_91c24/fast"
/usr/bin/make -f CMakeFiles/cmTC_91c24.dir/build.make CMakeFiles/cmTC_91c24.dir/build
make[1]: Entering directory '/home/ap/esp/softAP_/build/CMakeFiles/CMakeTmp'
Building CXX object CMakeFiles/cmTC_91c24.dir/feature_tests.cxx.obj
/home/ap/.espressif/tools/xtensa-esp32-elf/1.22.0-97-gc752ad5-5.2.0/xtensa-esp32-elf/bin/xtensa-esp32-elf-g++    -mlongcalls    -std=c++11 -o CMakeFiles/cmTC_91c24.dir/feature_tests.cxx.obj -c /home/ap/esp/softAP_/build/CMakeFiles/feature_tests.cxx
Linking CXX executable cmTC_91c24
/usr/bin/cmake -E cmake_link_script CMakeFiles/cmTC_91c24.dir/link.txt --verbose=1
/home/ap/.espressif/tools/xtensa-esp32-elf/1.22.0-97-gc752ad5-5.2.0/xtensa-esp32-elf/bin/xtensa-esp32-elf-g++  -mlongcalls   -nostdlib  CMakeFiles/cmTC_91c24.dir/feature_tests.cxx.obj  -o cmTC_91c24 
/home/ap/.espressif/tools/xtensa-esp32-elf/1.22.0-97-gc752ad5-5.2.0/xtensa-esp32-elf/bin/../lib/gcc/xtensa-esp32-elf/5.2.0/../../../../xtensa-esp32-elf/bin/ld: warning: cannot find entry symbol _start; defaulting to 0000000000400074
make[1]: Leaving directory '/home/ap/esp/softAP_/build/CMakeFiles/CMakeTmp'


    Feature record: CXX_FEATURE:0cxx_aggregate_default_initializers
    Feature record: CXX_FEATURE:1cxx_alias_templates
    Feature record: CXX_FEATURE:1cxx_alignas
    Feature record: CXX_FEATURE:1cxx_alignof
    Feature record: CXX_FEATURE:1cxx_attributes
    Feature record: CXX_FEATURE:0cxx_attribute_deprecated
    Feature record: CXX_FEATURE:1cxx_auto_type
    Feature record: CXX_FEATURE:0cxx_binary_literals
    Feature record: CXX_FEATURE:1cxx_constexpr
    Feature record: CXX_FEATURE:0cxx_contextual_conversions
    Feature record: CXX_FEATURE:1cxx_decltype
    Feature record: CXX_FEATURE:0cxx_decltype_auto
    Feature record: CXX_FEATURE:1cxx_decltype_incomplete_return_types
    Feature record: CXX_FEATURE:1cxx_default_function_template_args
    Feature record: CXX_FEATURE:1cxx_defaulted_functions
    Feature record: CXX_FEATURE:1cxx_defaulted_move_initializers
    Feature record: CXX_FEATURE:1cxx_delegating_constructors
    Feature record: CXX_FEATURE:1cxx_deleted_functions
    Feature record: CXX_FEATURE:0cxx_digit_separators
    Feature record: CXX_FEATURE:1cxx_enum_forward_declarations
    Feature record: CXX_FEATURE:1cxx_explicit_conversions
    Feature record: CXX_FEATURE:1cxx_extended_friend_declarations
    Feature record: CXX_FEATURE:1cxx_extern_templates
    Feature record: CXX_FEATURE:1cxx_final
    Feature record: CXX_FEATURE:1cxx_func_identifier
    Feature record: CXX_FEATURE:1cxx_generalized_initializers
    Feature record: CXX_FEATURE:0cxx_generic_lambdas
    Feature record: CXX_FEATURE:1cxx_inheriting_constructors
    Feature record: CXX_FEATURE:1cxx_inline_namespaces
    Feature record: CXX_FEATURE:1cxx_lambdas
    Feature record: CXX_FEATURE:0cxx_lambda_init_captures
    Feature record: CXX_FEATURE:1cxx_local_type_template_args
    Feature record: CXX_FEATURE:1cxx_long_long_type
    Feature record: CXX_FEATURE:1cxx_noexcept
    Feature record: CXX_FEATURE:1cxx_nonstatic_member_init
    Feature record: CXX_FEATURE:1cxx_nullptr
    Feature record: CXX_FEATURE:1cxx_override
    Feature record: CXX_FEATURE:1cxx_range_for
    Feature record: CXX_FEATURE:1cxx_raw_string_literals
    Feature record: CXX_FEATURE:1cxx_reference_qualified_functions
    Feature record: CXX_FEATURE:0cxx_relaxed_constexpr
    Feature record: CXX_FEATURE:0cxx_return_type_deduction
    Feature record: CXX_FEATURE:1cxx_right_angle_brackets
    Feature record: CXX_FEATURE:1cxx_rvalue_references
    Feature record: CXX_FEATURE:1cxx_sizeof_member
    Feature record: CXX_FEATURE:1cxx_static_assert
    Feature record: CXX_FEATURE:1cxx_strong_enums
    Feature record: CXX_FEATURE:1cxx_template_template_parameters
    Feature record: CXX_FEATURE:1cxx_thread_local
    Feature record: CXX_FEATURE:1cxx_trailing_return_types
    Feature record: CXX_FEATURE:1cxx_unicode_literals
    Feature record: CXX_FEATURE:1cxx_uniform_initialization
    Feature record: CXX_FEATURE:1cxx_unrestricted_unions
    Feature record: CXX_FEATURE:1cxx_user_literals
    Feature record: CXX_FEATURE:0cxx_variable_templates
    Feature record: CXX_FEATURE:1cxx_variadic_macros
    Feature record: CXX_FEATURE:1cxx_variadic_templates


Detecting CXX [-std=c++98] compiler features compiled with the following output:
Change Dir: /home/ap/esp/softAP_/build/CMakeFiles/CMakeTmp

Run Build Command:"/usr/bin/make" "cmTC_195b8/fast"
/usr/bin/make -f CMakeFiles/cmTC_195b8.dir/build.make CMakeFiles/cmTC_195b8.dir/build
make[1]: Entering directory '/home/ap/esp/softAP_/build/CMakeFiles/CMakeTmp'
Building CXX object CMakeFiles/cmTC_195b8.dir/feature_tests.cxx.obj
/home/ap/.espressif/tools/xtensa-esp32-elf/1.22.0-97-gc752ad5-5.2.0/xtensa-esp32-elf/bin/xtensa-esp32-elf-g++    -mlongcalls    -std=c++98 -o CMakeFiles/cmTC_195b8.dir/feature_tests.cxx.obj -c /home/ap/esp/softAP_/build/CMakeFiles/feature_tests.cxx
Linking CXX executable cmTC_195b8
/usr/bin/cmake -E cmake_link_script CMakeFiles/cmTC_195b8.dir/link.txt --verbose=1
/home/ap/.espressif/tools/xtensa-esp32-elf/1.22.0-97-gc752ad5-5.2.0/xtensa-esp32-elf/bin/xtensa-esp32-elf-g++  -mlongcalls   -nostdlib  CMakeFiles/cmTC_195b8.dir/feature_tests.cxx.obj  -o cmTC_195b8 
/home/ap/.espressif/tools/xtensa-esp32-elf/1.22.0-97-gc752ad5-5.2.0/xtensa-esp32-elf/bin/../lib/gcc/xtensa-esp32-elf/5.2.0/../../../../xtensa-esp32-elf/bin/ld: warning: cannot find entry symbol _start; defaulting to 0000000000400074
make[1]: Leaving directory '/home/ap/esp/softAP_/build/CMakeFiles/CMakeTmp'


    Feature record: CXX_FEATURE:0cxx_aggregate_default_initializers
    Feature record: CXX_FEATURE:0cxx_alias_templates
    Feature record: CXX_FEATURE:0cxx_alignas
    Feature record: CXX_FEATURE:0cxx_alignof
    Feature record: CXX_FEATURE:0cxx_attributes
    Feature record: CXX_FEATURE:0cxx_attribute_deprecated
    Feature record: CXX_FEATURE:0cxx_auto_type
    Feature record: CXX_FEATURE:0cxx_binary_literals
    Feature record: CXX_FEATURE:0cxx_constexpr
    Feature record: CXX_FEATURE:0cxx_contextual_conversions
    Feature record: CXX_FEATURE:0cxx_decltype
    Feature record: CXX_FEATURE:0cxx_decltype_auto
    Feature record: CXX_FEATURE:0cxx_decltype_incomplete_return_types
    Feature record: CXX_FEATURE:0cxx_default_function_template_args
    Feature record: CXX_FEATURE:0cxx_defaulted_functions
    Feature record: CXX_FEATURE:0cxx_defaulted_move_initializers
    Feature record: CXX_FEATURE:0cxx_delegating_constructors
    Feature record: CXX_FEATURE:0cxx_deleted_functions
    Feature record: CXX_FEATURE:0cxx_digit_separators
    Feature record: CXX_FEATURE:0cxx_enum_forward_declarations
    Feature record: CXX_FEATURE:0cxx_explicit_conversions
    Feature record: CXX_FEATURE:0cxx_extended_friend_declarations
    Feature record: CXX_FEATURE:0cxx_extern_templates
    Feature record: CXX_FEATURE:0cxx_final
    Feature record: CXX_FEATURE:0cxx_func_identifier
    Feature record: CXX_FEATURE:0cxx_generalized_initializers
    Feature record: CXX_FEATURE:0cxx_generic_lambdas
    Feature record: CXX_FEATURE:0cxx_inheriting_constructors
    Feature record: CXX_FEATURE:0cxx_inline_namespaces
    Feature record: CXX_FEATURE:0cxx_lambdas
    Feature record: CXX_FEATURE:0cxx_lambda_init_captures
    Feature record: CXX_FEATURE:0cxx_local_type_template_args
    Feature record: CXX_FEATURE:0cxx_long_long_type
    Feature record: CXX_FEATURE:0cxx_noexcept
    Feature record: CXX_FEATURE:0cxx_nonstatic_member_init
    Feature record: CXX_FEATURE:0cxx_nullptr
    Feature record: CXX_FEATURE:0cxx_override
    Feature record: CXX_FEATURE:0cxx_range_for
    Feature record: CXX_FEATURE:0cxx_raw_string_literals
    Feature record: CXX_FEATURE:0cxx_reference_qualified_functions
    Feature record: CXX_FEATURE:0cxx_relaxed_constexpr
    Feature record: CXX_FEATURE:0cxx_return_type_deduction
    Feature record: CXX_FEATURE:0cxx_right_angle_brackets
    Feature record: CXX_FEATURE:0cxx_rvalue_references
    Feature record: CXX_FEATURE:0cxx_sizeof_member
    Feature record: CXX_FEATURE:0cxx_static_assert
    Feature record: CXX_FEATURE:0cxx_strong_enums
    Feature record: CXX_FEATURE:1cxx_template_template_parameters
    Feature record: CXX_FEATURE:0cxx_thread_local
    Feature record: CXX_FEATURE:0cxx_trailing_return_types
    Feature record: CXX_FEATURE:0cxx_unicode_literals
    Feature record: CXX_FEATURE:0cxx_uniform_initialization
    Feature record: CXX_FEATURE:0cxx_unrestricted_unions
    Feature record: CXX_FEATURE:0cxx_user_literals
    Feature record: CXX_FEATURE:0cxx_variable_templates
    Feature record: CXX_FEATURE:0cxx_variadic_macros
    Feature record: CXX_FEATURE:0cxx_variadic_templates
